# JRE version: OpenJDK Runtime Environment (17.0.11) (build 17.0.11+0--11852314)
# Java VM: OpenJDK 64-Bit Server VM (17.0.11+0--11852314, mixed mode, tiered, compressed oops, compressed class ptrs, g1 gc, windows-amd64)
GC Precious Log:
 CPUs: 12 total, 12 available
 Memory: 7813M
 Large Page Support: Disabled
 NUMA Support: Disabled
 Compressed Oops: Enabled (32-bit)
 Heap Region Size: 1M
 Heap Min Capacity: 8M
 Heap Initial Capacity: 124M
 Heap Max Capacity: 2G
 Pre-touch: Disabled
 Parallel Workers: 10
 Concurrent Workers: 3
 Concurrent Refinement Workers: 10
 Periodic GC: Disabled
Heap:
 garbage-first heap   total 378880K, used 241012K [0x0000000080000000, 0x0000000100000000)
  region size 1024K, 133 young (136192K), 19 survivors (19456K)
 Metaspace       used 109710K, committed 110656K, reserved 1179648K
  class space    used 15297K, committed 15744K, reserved 1048576K
GC Heap History (20 events):
Event: 10.392 GC heap before
{Heap before GC invocations=32 (full 0):
 garbage-first heap   total 184320K, used 152549K [0x0000000080000000, 0x0000000100000000)
  region size 1024K, 60 young (61440K), 4 survivors (4096K)
 Metaspace       used 102542K, committed 103296K, reserved 1179648K
  class space    used 14312K, committed 14656K, reserved 1048576K
}
Event: 10.397 GC heap after
{Heap after GC invocations=33 (full 0):
 garbage-first heap   total 184320K, used 99326K [0x0000000080000000, 0x0000000100000000)
  region size 1024K, 8 young (8192K), 8 survivors (8192K)
 Metaspace       used 102542K, committed 103296K, reserved 1179648K
  class space    used 14312K, committed 14656K, reserved 1048576K
}
Event: 10.409 GC heap before
{Heap before GC invocations=33 (full 0):
 garbage-first heap   total 184320K, used 99326K [0x0000000080000000, 0x0000000100000000)
  region size 1024K, 9 young (9216K), 8 survivors (8192K)
 Metaspace       used 102630K, committed 103424K, reserved 1179648K
  class space    used 14329K, committed 14720K, reserved 1048576K
}
Event: 10.414 GC heap after
{Heap after GC invocations=34 (full 0):
 garbage-first heap   total 184320K, used 99818K [0x0000000080000000, 0x0000000100000000)
  region size 1024K, 2 young (2048K), 2 survivors (2048K)
 Metaspace       used 102630K, committed 103424K, reserved 1179648K
  class space    used 14329K, committed 14720K, reserved 1048576K
}
Event: 10.991 GC heap before
{Heap before GC invocations=34 (full 0):
 garbage-first heap   total 184320K, used 152042K [0x0000000080000000, 0x0000000100000000)
  region size 1024K, 54 young (55296K), 2 survivors (2048K)
 Metaspace       used 104774K, committed 105600K, reserved 1179648K
  class space    used 14636K, committed 15040K, reserved 1048576K
}
Event: 10.997 GC heap after
{Heap after GC invocations=35 (full 0):
 garbage-first heap   total 184320K, used 105604K [0x0000000080000000, 0x0000000100000000)
  region size 1024K, 7 young (7168K), 7 survivors (7168K)
 Metaspace       used 104774K, committed 105600K, reserved 1179648K
  class space    used 14636K, committed 15040K, reserved 1048576K
}
Event: 11.185 GC heap before
{Heap before GC invocations=36 (full 0):
 garbage-first heap   total 189440K, used 151684K [0x0000000080000000, 0x0000000100000000)
  region size 1024K, 53 young (54272K), 7 survivors (7168K)
 Metaspace       used 104930K, committed 105728K, reserved 1179648K
  class space    used 14664K, committed 15040K, reserved 1048576K
}
Event: 11.191 GC heap after
{Heap after GC invocations=37 (full 0):
 garbage-first heap   total 189440K, used 108949K [0x0000000080000000, 0x0000000100000000)
  region size 1024K, 4 young (4096K), 4 survivors (4096K)
 Metaspace       used 104930K, committed 105728K, reserved 1179648K
  class space    used 14664K, committed 15040K, reserved 1048576K
}
Event: 11.210 GC heap before
{Heap before GC invocations=37 (full 0):
 garbage-first heap   total 189440K, used 114069K [0x0000000080000000, 0x0000000100000000)
  region size 1024K, 9 young (9216K), 4 survivors (4096K)
 Metaspace       used 104930K, committed 105728K, reserved 1179648K
  class space    used 14664K, committed 15040K, reserved 1048576K
}
Event: 11.213 GC heap after
{Heap after GC invocations=38 (full 0):
 garbage-first heap   total 189440K, used 108051K [0x0000000080000000, 0x0000000100000000)
  region size 1024K, 2 young (2048K), 2 survivors (2048K)
 Metaspace       used 104930K, committed 105728K, reserved 1179648K
  class space    used 14664K, committed 15040K, reserved 1048576K
}
Event: 11.374 GC heap before
{Heap before GC invocations=38 (full 0):
 garbage-first heap   total 189440K, used 156179K [0x0000000080000000, 0x0000000100000000)
  region size 1024K, 49 young (50176K), 2 survivors (2048K)
 Metaspace       used 105072K, committed 105856K, reserved 1179648K
  class space    used 14671K, committed 15040K, reserved 1048576K
}
Event: 11.377 GC heap after
{Heap after GC invocations=39 (full 0):
 garbage-first heap   total 189440K, used 109555K [0x0000000080000000, 0x0000000100000000)
  region size 1024K, 4 young (4096K), 4 survivors (4096K)
 Metaspace       used 105072K, committed 105856K, reserved 1179648K
  class space    used 14671K, committed 15040K, reserved 1048576K
}
Event: 11.540 GC heap before
{Heap before GC invocations=39 (full 0):
 garbage-first heap   total 189440K, used 155635K [0x0000000080000000, 0x0000000100000000)
  region size 1024K, 50 young (51200K), 4 survivors (4096K)
 Metaspace       used 105177K, committed 105984K, reserved 1179648K
  class space    used 14671K, committed 15040K, reserved 1048576K
}
Event: 11.542 GC heap after
{Heap after GC invocations=40 (full 0):
 garbage-first heap   total 189440K, used 110642K [0x0000000080000000, 0x0000000100000000)
  region size 1024K, 5 young (5120K), 5 survivors (5120K)
 Metaspace       used 105177K, committed 105984K, reserved 1179648K
  class space    used 14671K, committed 15040K, reserved 1048576K
}
Event: 11.762 GC heap before
{Heap before GC invocations=40 (full 0):
 garbage-first heap   total 189440K, used 156722K [0x0000000080000000, 0x0000000100000000)
  region size 1024K, 50 young (51200K), 5 survivors (5120K)
 Metaspace       used 105592K, committed 106368K, reserved 1179648K
  class space    used 14752K, committed 15104K, reserved 1048576K
}
Event: 11.769 GC heap after
{Heap after GC invocations=41 (full 0):
 garbage-first heap   total 378880K, used 112817K [0x0000000080000000, 0x0000000100000000)
  region size 1024K, 6 young (6144K), 6 survivors (6144K)
 Metaspace       used 105592K, committed 106368K, reserved 1179648K
  class space    used 14752K, committed 15104K, reserved 1048576K
}
Event: 12.440 GC heap before
{Heap before GC invocations=41 (full 0):
 garbage-first heap   total 378880K, used 309425K [0x0000000080000000, 0x0000000100000000)
  region size 1024K, 198 young (202752K), 6 survivors (6144K)
 Metaspace       used 105923K, committed 106752K, reserved 1179648K
  class space    used 14794K, committed 15168K, reserved 1048576K
}
Event: 12.446 GC heap after
{Heap after GC invocations=42 (full 0):
 garbage-first heap   total 378880K, used 118984K [0x0000000080000000, 0x0000000100000000)
  region size 1024K, 12 young (12288K), 12 survivors (12288K)
 Metaspace       used 105923K, committed 106752K, reserved 1179648K
  class space    used 14794K, committed 15168K, reserved 1048576K
}
Event: 13.636 GC heap before
{Heap before GC invocations=42 (full 0):
 garbage-first heap   total 378880K, used 307400K [0x0000000080000000, 0x0000000100000000)
  region size 1024K, 197 young (201728K), 12 survivors (12288K)
 Metaspace       used 109633K, committed 110592K, reserved 1179648K
  class space    used 15292K, committed 15744K, reserved 1048576K
}
Event: 13.646 GC heap after
{Heap after GC invocations=43 (full 0):
 garbage-first heap   total 378880K, used 126324K [0x0000000080000000, 0x0000000100000000)
  region size 1024K, 19 young (19456K), 19 survivors (19456K)
 Metaspace       used 109633K, committed 110592K, reserved 1179648K
  class space    used 15292K, committed 15744K, reserved 1048576K
}

