# JRE version: OpenJDK Runtime Environment (17.0.11) (build 17.0.11+0--11852314)
# Java VM: OpenJDK 64-Bit Server VM (17.0.11+0--11852314, mixed mode, tiered, compressed oops, compressed class ptrs, g1 gc, windows-amd64)
GC Precious Log:
 CPUs: 12 total, 12 available
 Memory: 7813M
 Large Page Support: Disabled
 NUMA Support: Disabled
 Compressed Oops: Enabled (32-bit)
 Heap Region Size: 1M
 Heap Min Capacity: 8M
 Heap Initial Capacity: 124M
 Heap Max Capacity: 2G
 Pre-touch: Disabled
 Parallel Workers: 10
 Concurrent Workers: 3
 Concurrent Refinement Workers: 10
 Periodic GC: Disabled
Heap:
 garbage-first heap   total 359424K, used 206092K [0x0000000080000000, 0x0000000100000000)
  region size 1024K, 43 young (44032K), 12 survivors (12288K)
 Metaspace       used 165569K, committed 166528K, reserved 1245184K
  class space    used 22184K, committed 22656K, reserved 1048576K
GC Heap History (20 events):
Event: 36.321 GC heap before
{Heap before GC invocations=40 (full 0):
 garbage-first heap   total 359424K, used 298075K [0x0000000080000000, 0x0000000100000000)
  region size 1024K, 158 young (161792K), 2 survivors (2048K)
 Metaspace       used 142531K, committed 143360K, reserved 1179648K
  class space    used 18726K, committed 19136K, reserved 1048576K
}
Event: 36.327 GC heap after
{Heap after GC invocations=41 (full 0):
 garbage-first heap   total 359424K, used 146788K [0x0000000080000000, 0x0000000100000000)
  region size 1024K, 12 young (12288K), 12 survivors (12288K)
 Metaspace       used 142531K, committed 143360K, reserved 1179648K
  class space    used 18726K, committed 19136K, reserved 1048576K
}
Event: 36.359 GC heap before
{Heap before GC invocations=41 (full 0):
 garbage-first heap   total 359424K, used 151908K [0x0000000080000000, 0x0000000100000000)
  region size 1024K, 17 young (17408K), 12 survivors (12288K)
 Metaspace       used 142826K, committed 143616K, reserved 1179648K
  class space    used 18768K, committed 19136K, reserved 1048576K
}
Event: 36.364 GC heap after
{Heap after GC invocations=42 (full 0):
 garbage-first heap   total 359424K, used 146702K [0x0000000080000000, 0x0000000100000000)
  region size 1024K, 2 young (2048K), 2 survivors (2048K)
 Metaspace       used 142826K, committed 143616K, reserved 1179648K
  class space    used 18768K, committed 19136K, reserved 1048576K
}
Event: 37.605 GC heap before
{Heap before GC invocations=42 (full 0):
 garbage-first heap   total 359424K, used 293134K [0x0000000080000000, 0x0000000100000000)
  region size 1024K, 145 young (148480K), 2 survivors (2048K)
 Metaspace       used 152836K, committed 153792K, reserved 1245184K
  class space    used 20418K, committed 20864K, reserved 1048576K
}
Event: 37.609 GC heap after
{Heap after GC invocations=43 (full 0):
 garbage-first heap   total 359424K, used 144684K [0x0000000080000000, 0x0000000100000000)
  region size 1024K, 7 young (7168K), 7 survivors (7168K)
 Metaspace       used 152836K, committed 153792K, reserved 1245184K
  class space    used 20418K, committed 20864K, reserved 1048576K
}
Event: 38.963 GC heap before
{Heap before GC invocations=43 (full 0):
 garbage-first heap   total 359424K, used 294188K [0x0000000080000000, 0x0000000100000000)
  region size 1024K, 154 young (157696K), 7 survivors (7168K)
 Metaspace       used 161153K, committed 162112K, reserved 1245184K
  class space    used 21606K, committed 22080K, reserved 1048576K
}
Event: 38.972 GC heap after
{Heap after GC invocations=44 (full 0):
 garbage-first heap   total 359424K, used 158874K [0x0000000080000000, 0x0000000100000000)
  region size 1024K, 20 young (20480K), 20 survivors (20480K)
 Metaspace       used 161153K, committed 162112K, reserved 1245184K
  class space    used 21606K, committed 22080K, reserved 1048576K
}
Event: 39.383 GC heap before
{Heap before GC invocations=44 (full 0):
 garbage-first heap   total 359424K, used 290970K [0x0000000080000000, 0x0000000100000000)
  region size 1024K, 150 young (153600K), 20 survivors (20480K)
 Metaspace       used 161419K, committed 162304K, reserved 1245184K
  class space    used 21610K, committed 22080K, reserved 1048576K
}
Event: 39.391 GC heap after
{Heap after GC invocations=45 (full 0):
 garbage-first heap   total 359424K, used 163407K [0x0000000080000000, 0x0000000100000000)
  region size 1024K, 7 young (7168K), 7 survivors (7168K)
 Metaspace       used 161419K, committed 162304K, reserved 1245184K
  class space    used 21610K, committed 22080K, reserved 1048576K
}
Event: 39.912 GC heap before
{Heap before GC invocations=45 (full 0):
 garbage-first heap   total 359424K, used 295503K [0x0000000080000000, 0x0000000100000000)
  region size 1024K, 135 young (138240K), 7 survivors (7168K)
 Metaspace       used 161991K, committed 162880K, reserved 1245184K
  class space    used 21698K, committed 22144K, reserved 1048576K
}
Event: 39.918 GC heap after
{Heap after GC invocations=46 (full 0):
 garbage-first heap   total 359424K, used 167159K [0x0000000080000000, 0x0000000100000000)
  region size 1024K, 11 young (11264K), 11 survivors (11264K)
 Metaspace       used 161991K, committed 162880K, reserved 1245184K
  class space    used 21698K, committed 22144K, reserved 1048576K
}
Event: 40.360 GC heap before
{Heap before GC invocations=47 (full 0):
 garbage-first heap   total 359424K, used 294135K [0x0000000080000000, 0x0000000100000000)
  region size 1024K, 136 young (139264K), 11 survivors (11264K)
 Metaspace       used 162086K, committed 163008K, reserved 1245184K
  class space    used 21714K, committed 22144K, reserved 1048576K
}
Event: 40.366 GC heap after
{Heap after GC invocations=48 (full 0):
 garbage-first heap   total 359424K, used 170987K [0x0000000080000000, 0x0000000100000000)
  region size 1024K, 12 young (12288K), 12 survivors (12288K)
 Metaspace       used 162086K, committed 163008K, reserved 1245184K
  class space    used 21714K, committed 22144K, reserved 1048576K
}
Event: 40.376 GC heap before
{Heap before GC invocations=48 (full 0):
 garbage-first heap   total 359424K, used 175083K [0x0000000080000000, 0x0000000100000000)
  region size 1024K, 17 young (17408K), 12 survivors (12288K)
 Metaspace       used 162086K, committed 163008K, reserved 1245184K
  class space    used 21714K, committed 22144K, reserved 1048576K
}
Event: 40.382 GC heap after
{Heap after GC invocations=49 (full 0):
 garbage-first heap   total 359424K, used 166263K [0x0000000080000000, 0x0000000100000000)
  region size 1024K, 3 young (3072K), 3 survivors (3072K)
 Metaspace       used 162086K, committed 163008K, reserved 1245184K
  class space    used 21714K, committed 22144K, reserved 1048576K
}
Event: 41.188 GC heap before
{Heap before GC invocations=49 (full 0):
 garbage-first heap   total 359424K, used 296311K [0x0000000080000000, 0x0000000100000000)
  region size 1024K, 131 young (134144K), 3 survivors (3072K)
 Metaspace       used 165433K, committed 166400K, reserved 1245184K
  class space    used 22165K, committed 22656K, reserved 1048576K
}
Event: 41.193 GC heap after
{Heap after GC invocations=50 (full 0):
 garbage-first heap   total 359424K, used 172348K [0x0000000080000000, 0x0000000100000000)
  region size 1024K, 9 young (9216K), 9 survivors (9216K)
 Metaspace       used 165433K, committed 166400K, reserved 1245184K
  class space    used 22165K, committed 22656K, reserved 1048576K
}
Event: 41.605 GC heap before
{Heap before GC invocations=50 (full 0):
 garbage-first heap   total 359424K, used 296252K [0x0000000080000000, 0x0000000100000000)
  region size 1024K, 131 young (134144K), 9 survivors (9216K)
 Metaspace       used 165542K, committed 166528K, reserved 1245184K
  class space    used 22182K, committed 22656K, reserved 1048576K
}
Event: 41.612 GC heap after
{Heap after GC invocations=51 (full 0):
 garbage-first heap   total 359424K, used 175372K [0x0000000080000000, 0x0000000100000000)
  region size 1024K, 12 young (12288K), 12 survivors (12288K)
 Metaspace       used 165542K, committed 166528K, reserved 1245184K
  class space    used 22182K, committed 22656K, reserved 1048576K
}

